MPASM  5.51                       DENEY-6.ASM   12-3-2018  18:33:31         PAGE  1


LOC  OBJECT CODE     LINE SOURCE TEXT
  VALUE

                      00001         LIST P=16F877A
                      00002         #INCLUDE <P16F877A.INC>
                      00001         LIST
                      00002 
                      00003 ;==========================================================================
                      00004 ;  MPASM PIC16F877A processor include
                      00005 ; 
                      00006 ;  (c) Copyright 1999-2013 Microchip Technology, All rights reserved
                      00007 ;==========================================================================
                      00008 
                      00566         LIST
2007   3F31           00003         __CONFIG H'3F31'
Warning[207]: Found label after column 1. (SAYICI1)
  00000020            00004         SAYICI1  EQU 0X20
Warning[207]: Found label after column 1. (SAYICI2)
  00000021            00005         SAYICI2  EQU 0X21
Warning[207]: Found label after column 1. (LCD_DEG)
  00000022            00006         LCD_DEG EQU 0X22
Warning[207]: Found label after column 1. (ONLAR)
  00000023            00007         ONLAR   EQU 0X23
Warning[207]: Found label after column 1. (BIRLER)
  00000024            00008         BIRLER  EQU 0X24
Warning[207]: Found label after column 1. (YUZLER)
  00000025            00009         YUZLER   EQU 0X25
Warning[207]: Found label after column 1. (BSM_ONLAR)
  00000026            00010         BSM_ONLAR EQU 0X26
Warning[207]: Found label after column 1. (BSM_BIRLER)
  00000027            00011         BSM_BIRLER EQU 0X27
Warning[207]: Found label after column 1. (BSM_YUZLER)
  00000028            00012         BSM_YUZLER EQU 0X28
Warning[207]: Found label after column 1. (DEG)
  00000029            00013         DEG EQU 0X29
Warning[207]: Found label after column 1. (DEG2)
  00000030            00014         DEG2 EQU 0X30
Warning[207]: Found label after column 1. (SAYAC)
  00000031            00015         SAYAC EQU 0X31
Warning[207]: Found label after column 1. (SAYAC2)
  00000032            00016         SAYAC2 EQU 0X32
Warning[207]: Found label after column 1. (SAYACTIMER)
  00000033            00017         SAYACTIMER EQU 0X33
                      00018 
0000                  00019         ORG 0X000
0000   2805           00020         GOTO ANA_METOT
0004                  00021         ORG 0X004
0004   284E           00022         GOTO KESME_METOT
                      00023                 
0005                  00024 ANA_METOT
0005   1683 1303      00025         BANKSEL TRISB   
Message[302]: Register in operand not in bank 0.  Ensure that bank bits are correct.
0007   0186           00026         CLRF TRISB      
0008   3006           00027         MOVLW 0X06
Message[302]: Register in operand not in bank 0.  Ensure that bank bits are correct.
0009   009F           00028         MOVWF ADCON1
MPASM  5.51                       DENEY-6.ASM   12-3-2018  18:33:31         PAGE  2


LOC  OBJECT CODE     LINE SOURCE TEXT
  VALUE

000A   3003           00029         MOVLW B'00000011'
Message[302]: Register in operand not in bank 0.  Ensure that bank bits are correct.
000B   0085           00030         MOVWF TRISA
000C   1283 1303      00031         BANKSEL T1CON
000E   3011           00032         MOVLW B'00010001'
000F   0090           00033         MOVWF T1CON
0010   1283 1303      00034         BANKSEL PIR1
0012   100C           00035         BCF PIR1,TMR1IF
0013   1683 1303      00036         BANKSEL PIE1
Message[302]: Register in operand not in bank 0.  Ensure that bank bits are correct.
0015   140C           00037         BSF PIE1,TMR1IE
0016   1283 1303      00038         BANKSEL INTCON
0018   30C0           00039         MOVLW B'11000000'
0019   008B           00040         MOVWF INTCON    
001A   1283 1303      00041         BANKSEL PORTB
001C   0186           00042         CLRF PORTB
001D   01A3           00043         CLRF ONLAR
001E   01A4           00044         CLRF BIRLER
001F   01A5           00045         CLRF YUZLER
0020   01B1           00046         CLRF SAYAC
0021   01B2           00047         CLRF SAYAC2
0022   01A9           00048         CLRF DEG
0023   3064           00049         MOVLW D'100'
0024   00B0           00050         MOVWF DEG2 
0025   30B0           00051         MOVLW 0XB0
0026   008E           00052         MOVWF TMR1L
0027   303C           00053         MOVLW 0X3C
0028   008F           00054         MOVWF TMR1H
0029   3005           00055         MOVLW D'5'
002A   00B3           00056         MOVWF SAYACTIMER
                      00057         
002B                  00058 KONTROL
002B   1805           00059         BTFSC PORTA,0
002C   2897           00060         GOTO ARTIR_METOT
002D   1885           00061         BTFSC PORTA,1
002E   2891           00062         GOTO AZALT_METOT
002F   282B           00063         GOTO KONTROL
                      00064         
0030                  00065 KARAKTER_YAZ                                    ;LCD'ye karakter göndermek için 
0030   00A2           00066         MOVWF LCD_DEG                   ;Komutu geçici deðiþkene al.
0031   0E22           00067         SWAPF LCD_DEG, W                ;En deðerli 4 bit’i gönder.
0032   2036           00068         CALL LCD_KARAKTER_GONDER
0033   0822           00069         MOVF LCD_DEG, W         ;En deðersiz 4 bit’i gönder.
0034   2036           00070         CALL LCD_KARAKTER_GONDER
0035   0008           00071         RETURN
                      00072 
0036                  00073 LCD_KARAKTER_GONDER                     
0036   390F           00074         ANDLW 0x0F                              ;En deðersiz 4 bit W'de
0037   0086           00075         MOVWF PORTB                     ;PortB'e transfer ediliyor.
0038   1283 1303      00076         BANKSEL PORTB                   
003A   1606           00077         BSF PORTB,4                             ;Karakter Yazýlacaðý belirtiliyor
003B   1686           00078         BSF     PORTB,5                 ;LCD'için 1 yapýlýr
003C   20CA           00079         CALL GECIKME
MPASM  5.51                       DENEY-6.ASM   12-3-2018  18:33:31         PAGE  3


LOC  OBJECT CODE     LINE SOURCE TEXT
  VALUE

003D   1286           00080         BCF     PORTB,5                         ;LCD için düþen kenar üretiyorz
003E   0008           00081         RETURN
                      00082 
003F                  00083 KOMUT_YAZ               
003F   00A2           00084         MOVWF LCD_DEG                   ;Komutu geçici deðiþkene al.
0040   0E22           00085         SWAPF LCD_DEG, W        ;En deðerli 4 bit’i gönder.
0041   2045           00086         CALL LCD_KOMUT_GONDER
0042   0822           00087         MOVF LCD_DEG, W         ;En deðersiz 4 bit’i gönder.
0043   2045           00088         CALL LCD_KOMUT_GONDER           
0044   0008           00089         RETURN
                      00090 
0045                  00091 LCD_KOMUT_GONDER                    
0045   390F           00092         ANDLW   0x0F                    ;En deðersiz 4 bit W'de,
0046   0086           00093         MOVWF PORTB                     ;PortB'ye transfer ediliyor.
0047   1283 1303      00094         BANKSEL PORTB
0049   1206           00095         BCF PORTB,4                     
004A   1686           00096         BSF     PORTB,5                         ;Lcd ye düþen kenar üretmek için 
004B   20CA           00097         CALL GECIKME
004C   1286           00098         BCF     PORTB,5                         ;LCD için düþen kenar üretiyorz
004D   0008           00099         RETURN
                      00100         
004E                  00101 KESME_METOT
004E   1283 1303      00102         BANKSEL PIR1
0050   100C           00103         BCF PIR1,TMR1IF
                      00104 
0051   0BB3           00105         DECFSZ SAYACTIMER,F
0052   0009           00106         RETFIE
                      00107 
0053   3005           00108         MOVLW D'5'
0054   00B3           00109         MOVWF SAYACTIMER
                      00110 
0055   0829           00111         MOVF DEG,W
0056   00B1           00112         MOVWF SAYAC
0057   0AB1           00113         INCF SAYAC,F
0058   0831           00114         MOVF SAYAC,W
0059   00A9           00115         MOVWF DEG
005A   01A4           00116         CLRF BIRLER
005B   01A3           00117         CLRF ONLAR
005C   01A5           00118         CLRF YUZLER
                      00119         
005D   2063           00120         CALL KONTROL_STR1
                      00121 
005E                  00122 SONLANDIR_METOT
005E   30B0           00123         MOVLW 0XB0
005F   008E           00124         MOVWF TMR1L
0060   303C           00125         MOVLW 0X3C
0061   008F           00126         MOVWF TMR1H
0062   0009           00127         RETFIE
                      00128 
0063                  00129 KONTROL_STR1
                      00130 
0063                  00131 D1      
0063   3064           00132         MOVLW D'100'
MPASM  5.51                       DENEY-6.ASM   12-3-2018  18:33:31         PAGE  4


LOC  OBJECT CODE     LINE SOURCE TEXT
  VALUE

0064   02B1           00133         SUBWF SAYAC,F
0065   1C03           00134         BTFSS STATUS,C
0066   2869           00135         GOTO KONTROL_STR2
0067   0AA5           00136         INCF YUZLER,F
0068   2863           00137         GOTO D1 
0069                  00138 KONTROL_STR2 
0069   3064           00139         MOVLW D'100'
006A   07B1           00140         ADDWF SAYAC,F
                      00141 
006B                  00142 D2      
006B   300A           00143         MOVLW D'10'
006C   02B1           00144         SUBWF SAYAC,F
006D   1C03           00145         BTFSS STATUS,C
006E   2871           00146         GOTO KONTROL_STR3
006F   0AA3           00147         INCF ONLAR,F
0070   286B           00148         GOTO D2
0071                  00149 KONTROL_STR3
0071   300A           00150         MOVLW D'10'
0072   07B1           00151         ADDWF SAYAC,F
                      00152 
0073                  00153 D3
0073   3001           00154         MOVLW D'1'
0074   02B1           00155         SUBWF SAYAC,F
0075   1C03           00156         BTFSS STATUS,C
0076   2879           00157         GOTO LCD_AYARLAR
0077   0AA4           00158         INCF BIRLER,F
0078   2873           00159         GOTO D3
                      00160 
0079                  00161 LCD_AYARLAR
0079   3002           00162         MOVLW   H'02'
007A   203F           00163         CALL KOMUT_YAZ
007B   300C           00164         MOVLW   H'0C'
007C   203F           00165         CALL    KOMUT_YAZ
007D   3028           00166         MOVLW H'28'
007E   203F           00167         CALL KOMUT_YAZ
                      00168 
007F   208E           00169         CALL SATIR1_AYARLAR
                      00170         
0080   3030           00171         MOVLW D'48'
0081   0725           00172         ADDWF YUZLER,W
0082   2030           00173         CALL KARAKTER_YAZ
                      00174         
0083   3030           00175         MOVLW D'48'
0084   0723           00176         ADDWF ONLAR,W
0085   2030           00177         CALL KARAKTER_YAZ
                      00178         
0086   3030           00179         MOVLW D'48'
0087   0724           00180         ADDWF BIRLER,W
0088   2030           00181         CALL KARAKTER_YAZ
0089   285E           00182         GOTO SONLANDIR_METOT
                      00183         
008A   0009           00184         RETFIE
                      00185 
MPASM  5.51                       DENEY-6.ASM   12-3-2018  18:33:31         PAGE  5


LOC  OBJECT CODE     LINE SOURCE TEXT
  VALUE

008B                  00186 SATIR2_AYARLAR
008B   30C0           00187         MOVLW   H'C0'
008C   203F           00188         CALL    KOMUT_YAZ
008D   0008           00189         RETURN
                      00190 
008E                  00191 SATIR1_AYARLAR
008E   3080           00192         MOVLW   H'80'
008F   203F           00193         CALL    KOMUT_YAZ
0090   0008           00194         RETURN
                      00195 
0091                  00196 AZALT_METOT
0091   0830           00197         MOVF DEG2,W
0092   00B2           00198         MOVWF SAYAC2
0093   03B2           00199         DECF SAYAC2,F
0094   0832           00200         MOVF SAYAC2,W
0095   00B0           00201         MOVWF DEG2
0096   289D           00202         GOTO KONTROL_STR1BUTON
                      00203 
0097                  00204 ARTIR_METOT
0097   0830           00205         MOVF DEG2,W
0098   00B2           00206         MOVWF SAYAC2
0099   0AB2           00207         INCF SAYAC2,F
009A   0832           00208         MOVF SAYAC2,W
009B   00B0           00209         MOVWF DEG2
                      00210         
009C   289D           00211         GOTO KONTROL_STR1BUTON
                      00212 
009D                  00213 KONTROL_STR1BUTON
009D   01A7           00214         CLRF BSM_BIRLER
009E   01A6           00215         CLRF BSM_ONLAR
009F   01A8           00216         CLRF BSM_YUZLER
                      00217 
00A0                  00218 BUTOND1
                      00219         
00A0   3064           00220         MOVLW D'100'
00A1   02B2           00221         SUBWF SAYAC2,F
00A2   1C03           00222         BTFSS STATUS,C
00A3   28A6           00223         GOTO KONTROL_STR1BUTON2
00A4   0AA8           00224         INCF BSM_YUZLER,F
00A5   28A0           00225         GOTO BUTOND1    
                      00226 
00A6                  00227 KONTROL_STR1BUTON2 
00A6   3064           00228         MOVLW D'100'
00A7   07B2           00229         ADDWF SAYAC2,F
                      00230 
00A8                  00231 BUTOND2 
00A8   300A           00232         MOVLW D'10'
00A9   02B2           00233         SUBWF SAYAC2,F
00AA   1C03           00234         BTFSS STATUS,C
00AB   28AE           00235         GOTO KONTROL_STR1BUTON3
00AC   0AA6           00236         INCF BSM_ONLAR,F
00AD   28A8           00237         GOTO BUTOND2
                      00238 
MPASM  5.51                       DENEY-6.ASM   12-3-2018  18:33:31         PAGE  6


LOC  OBJECT CODE     LINE SOURCE TEXT
  VALUE

00AE                  00239 KONTROL_STR1BUTON3
00AE   300A           00240         MOVLW D'10'
00AF   07B2           00241         ADDWF SAYAC2,F
                      00242 
00B0                  00243 BUTOND3 
00B0   3001           00244         MOVLW D'1'
00B1   02B2           00245         SUBWF SAYAC2,F
00B2   1C03           00246         BTFSS STATUS,C
00B3   28B6           00247         GOTO LCD_AYARLAR2
00B4   0AA7           00248         INCF BSM_BIRLER,F
00B5   28B0           00249         GOTO BUTOND3
                      00250 
00B6                  00251 LCD_AYARLAR2
00B6   20CA           00252         CALL GECIKME
00B7   1283 1303      00253         BANKSEL INTCON
00B9   138B           00254         BCF INTCON,GIE
                      00255 
00BA   3084           00256         MOVLW   H'84'
00BB   203F           00257         CALL    KOMUT_YAZ
00BC   208B           00258         CALL SATIR2_AYARLAR
00BD   3030           00259         MOVLW D'48'
00BE   0728           00260         ADDWF BSM_YUZLER,W
00BF   2030           00261         CALL KARAKTER_YAZ
                      00262         
00C0   3030           00263         MOVLW D'48'
00C1   0726           00264         ADDWF BSM_ONLAR,W
00C2   2030           00265         CALL KARAKTER_YAZ
                      00266         
00C3   3030           00267         MOVLW D'48'
00C4   0727           00268         ADDWF BSM_BIRLER,W
00C5   2030           00269         CALL KARAKTER_YAZ
00C6   1283 1303      00270         BANKSEL INTCON
00C8   178B           00271         BSF INTCON,GIE
00C9   282B           00272         GOTO KONTROL
                      00273 
00CA                  00274 GECIKME
00CA   303C           00275         MOVLW   D'60'
00CB   00A0           00276         MOVWF   SAYICI1
00CC                  00277 TEKRAR1
00CC   3082           00278         MOVLW   D'130'
00CD   00A1           00279         MOVWF   SAYICI2
00CE                  00280 TEKRAR2
00CE   0BA1           00281         DECFSZ  SAYICI2,F
00CF   28CE           00282         GOTO    TEKRAR2
00D0   0BA0           00283         DECFSZ  SAYICI1,F
00D1   28CC           00284         GOTO    TEKRAR1
00D2   0008           00285         RETURN
                      00286                 
                      00287         END
MPASM  5.51                       DENEY-6.ASM   12-3-2018  18:33:31         PAGE  7


SYMBOL TABLE
  LABEL                             VALUE 

ACKDT                             00000005
ACKEN                             00000004
ACKSTAT                           00000006
ADCON0                            0000001F
ADCON1                            0000009F
ADCS0                             00000006
ADCS1                             00000007
ADCS2                             00000006
ADDEN                             00000003
ADFM                              00000007
ADIE                              00000006
ADIF                              00000006
ADON                              00000000
ADRESH                            0000001E
ADRESL                            0000009E
ANA_METOT                         00000005
ARTIR_METOT                       00000097
AZALT_METOT                       00000091
BCLIE                             00000003
BCLIF                             00000003
BF                                00000000
BIRLER                            00000024
BRGH                              00000002
BSM_BIRLER                        00000027
BSM_ONLAR                         00000026
BSM_YUZLER                        00000028
BUTOND1                           000000A0
BUTOND2                           000000A8
BUTOND3                           000000B0
C                                 00000000
C1INV                             00000004
C1OUT                             00000006
C2INV                             00000005
C2OUT                             00000007
CCP1CON                           00000017
CCP1IE                            00000002
CCP1IF                            00000002
CCP1M0                            00000000
CCP1M1                            00000001
CCP1M2                            00000002
CCP1M3                            00000003
CCP1X                             00000005
CCP1Y                             00000004
CCP2CON                           0000001D
CCP2IE                            00000000
CCP2IF                            00000000
CCP2M0                            00000000
CCP2M1                            00000001
CCP2M2                            00000002
CCP2M3                            00000003
CCP2X                             00000005
CCP2Y                             00000004
CCPR1                             00000015
MPASM  5.51                       DENEY-6.ASM   12-3-2018  18:33:31         PAGE  8


SYMBOL TABLE
  LABEL                             VALUE 

CCPR1H                            00000016
CCPR1L                            00000015
CCPR2                             0000001B
CCPR2H                            0000001C
CCPR2L                            0000001B
CHS0                              00000003
CHS1                              00000004
CHS2                              00000005
CIS                               00000003
CKE                               00000006
CKP                               00000004
CM0                               00000000
CM1                               00000001
CM2                               00000002
CMCON                             0000009C
CMIE                              00000006
CMIF                              00000006
CREN                              00000004
CSRC                              00000007
CVR0                              00000000
CVR1                              00000001
CVR2                              00000002
CVR3                              00000003
CVRCON                            0000009D
CVREN                             00000007
CVROE                             00000006
CVRR                              00000005
D                                 00000005
D1                                00000063
D2                                0000006B
D3                                00000073
DATA_ADDRESS                      00000005
DC                                00000001
DEG                               00000029
DEG2                              00000030
D_A                               00000005
D_NOT_A                           00000005
EEADR                             0000010D
EEADRH                            0000010F
EECON1                            0000018C
EECON2                            0000018D
EEDATA                            0000010C
EEDATH                            0000010E
EEIE                              00000004
EEIF                              00000004
EEPGD                             00000007
F                                 00000001
FERR                              00000002
FSR                               00000004
GCEN                              00000007
GECIKME                           000000CA
GIE                               00000007
GO                                00000002
MPASM  5.51                       DENEY-6.ASM   12-3-2018  18:33:31         PAGE  9


SYMBOL TABLE
  LABEL                             VALUE 

GO_DONE                           00000002
GO_NOT_DONE                       00000002
I2C_DATA                          00000005
I2C_READ                          00000002
I2C_START                         00000003
I2C_STOP                          00000004
IBF                               00000007
IBOV                              00000005
INDF                              00000000
INTCON                            0000000B
INTE                              00000004
INTEDG                            00000006
INTF                              00000001
IRP                               00000007
KARAKTER_YAZ                      00000030
KESME_METOT                       0000004E
KOMUT_YAZ                         0000003F
KONTROL                           0000002B
KONTROL_STR1                      00000063
KONTROL_STR1BUTON                 0000009D
KONTROL_STR1BUTON2                000000A6
KONTROL_STR1BUTON3                000000AE
KONTROL_STR2                      00000069
KONTROL_STR3                      00000071
LCD_AYARLAR                       00000079
LCD_AYARLAR2                      000000B6
LCD_DEG                           00000022
LCD_KARAKTER_GONDER               00000036
LCD_KOMUT_GONDER                  00000045
NOT_A                             00000005
NOT_ADDRESS                       00000005
NOT_BO                            00000000
NOT_BOR                           00000000
NOT_DONE                          00000002
NOT_PD                            00000003
NOT_POR                           00000001
NOT_RBPU                          00000007
NOT_RC8                           00000006
NOT_T1SYNC                        00000002
NOT_TO                            00000004
NOT_TX8                           00000006
NOT_W                             00000002
NOT_WRITE                         00000002
OBF                               00000006
OERR                              00000001
ONLAR                             00000023
OPTION_REG                        00000081
P                                 00000004
PCFG0                             00000000
PCFG1                             00000001
PCFG2                             00000002
PCFG3                             00000003
PCL                               00000002
MPASM  5.51                       DENEY-6.ASM   12-3-2018  18:33:31         PAGE 10


SYMBOL TABLE
  LABEL                             VALUE 

PCLATH                            0000000A
PCON                              0000008E
PEIE                              00000006
PEN                               00000002
PIE1                              0000008C
PIE2                              0000008D
PIR1                              0000000C
PIR2                              0000000D
PORTA                             00000005
PORTB                             00000006
PORTC                             00000007
PORTD                             00000008
PORTE                             00000009
PR2                               00000092
PS0                               00000000
PS1                               00000001
PS2                               00000002
PSA                               00000003
PSPIE                             00000007
PSPIF                             00000007
PSPMODE                           00000004
R                                 00000002
RA0                               00000000
RA1                               00000001
RA2                               00000002
RA3                               00000003
RA4                               00000004
RA5                               00000005
RB0                               00000000
RB1                               00000001
RB2                               00000002
RB3                               00000003
RB4                               00000004
RB5                               00000005
RB6                               00000006
RB7                               00000007
RBIE                              00000003
RBIF                              00000000
RC0                               00000000
RC1                               00000001
RC2                               00000002
RC3                               00000003
RC4                               00000004
RC5                               00000005
RC6                               00000006
RC7                               00000007
RC8_9                             00000006
RC9                               00000006
RCD8                              00000000
RCEN                              00000003
RCIE                              00000005
RCIF                              00000005
RCREG                             0000001A
MPASM  5.51                       DENEY-6.ASM   12-3-2018  18:33:31         PAGE 11


SYMBOL TABLE
  LABEL                             VALUE 

RCSTA                             00000018
RD                                00000000
RD0                               00000000
RD1                               00000001
RD2                               00000002
RD3                               00000003
RD4                               00000004
RD5                               00000005
RD6                               00000006
RD7                               00000007
RE0                               00000000
RE1                               00000001
RE2                               00000002
READ_WRITE                        00000002
RP0                               00000005
RP1                               00000006
RSEN                              00000001
RX9                               00000006
RX9D                              00000000
R_NOT_W                           00000002
R_W                               00000002
S                                 00000003
SATIR1_AYARLAR                    0000008E
SATIR2_AYARLAR                    0000008B
SAYAC                             00000031
SAYAC2                            00000032
SAYACTIMER                        00000033
SAYICI1                           00000020
SAYICI2                           00000021
SEN                               00000000
SMP                               00000007
SONLANDIR_METOT                   0000005E
SPBRG                             00000099
SPEN                              00000007
SREN                              00000005
SSPADD                            00000093
SSPBUF                            00000013
SSPCON                            00000014
SSPCON2                           00000091
SSPEN                             00000005
SSPIE                             00000003
SSPIF                             00000003
SSPM0                             00000000
SSPM1                             00000001
SSPM2                             00000002
SSPM3                             00000003
SSPOV                             00000006
SSPSTAT                           00000094
STATUS                            00000003
SYNC                              00000004
T0CS                              00000005
T0IE                              00000005
T0IF                              00000002
MPASM  5.51                       DENEY-6.ASM   12-3-2018  18:33:31         PAGE 12


SYMBOL TABLE
  LABEL                             VALUE 

T0SE                              00000004
T1CKPS0                           00000004
T1CKPS1                           00000005
T1CON                             00000010
T1INSYNC                          00000002
T1OSCEN                           00000003
T1SYNC                            00000002
T2CKPS0                           00000000
T2CKPS1                           00000001
T2CON                             00000012
TEKRAR1                           000000CC
TEKRAR2                           000000CE
TMR0                              00000001
TMR0IE                            00000005
TMR0IF                            00000002
TMR1                              0000000E
TMR1CS                            00000001
TMR1H                             0000000F
TMR1IE                            00000000
TMR1IF                            00000000
TMR1L                             0000000E
TMR1ON                            00000000
TMR2                              00000011
TMR2IE                            00000001
TMR2IF                            00000001
TMR2ON                            00000002
TOUTPS0                           00000003
TOUTPS1                           00000004
TOUTPS2                           00000005
TOUTPS3                           00000006
TRISA                             00000085
TRISA0                            00000000
TRISA1                            00000001
TRISA2                            00000002
TRISA3                            00000003
TRISA4                            00000004
TRISA5                            00000005
TRISB                             00000086
TRISB0                            00000000
TRISB1                            00000001
TRISB2                            00000002
TRISB3                            00000003
TRISB4                            00000004
TRISB5                            00000005
TRISB6                            00000006
TRISB7                            00000007
TRISC                             00000087
TRISC0                            00000000
TRISC1                            00000001
TRISC2                            00000002
TRISC3                            00000003
TRISC4                            00000004
TRISC5                            00000005
MPASM  5.51                       DENEY-6.ASM   12-3-2018  18:33:31         PAGE 13


SYMBOL TABLE
  LABEL                             VALUE 

TRISC6                            00000006
TRISC7                            00000007
TRISD                             00000088
TRISD0                            00000000
TRISD1                            00000001
TRISD2                            00000002
TRISD3                            00000003
TRISD4                            00000004
TRISD5                            00000005
TRISD6                            00000006
TRISD7                            00000007
TRISE                             00000089
TRISE0                            00000000
TRISE1                            00000001
TRISE2                            00000002
TRMT                              00000001
TX8_9                             00000006
TX9                               00000006
TX9D                              00000000
TXD8                              00000000
TXEN                              00000005
TXIE                              00000004
TXIF                              00000004
TXREG                             00000019
TXSTA                             00000098
UA                                00000001
W                                 00000000
WCOL                              00000007
WR                                00000001
WREN                              00000002
WRERR                             00000003
YUZLER                            00000025
Z                                 00000002
_BODEN_OFF                        00003FBF
_BODEN_ON                         00003FFF
_BOREN_OFF                        00003FBF
_BOREN_ON                         00003FFF
_CONFIG                           00002007
_CPD_OFF                          00003FFF
_CPD_ON                           00003EFF
_CP_ALL                           00001FFF
_CP_OFF                           00003FFF
_CP_ON                            00001FFF
_DEBUG_OFF                        00003FFF
_DEBUG_ON                         000037FF
_DEVID1                           00002006
_FOSC_EXTRC                       00003FFF
_FOSC_HS                          00003FFE
_FOSC_LP                          00003FFC
_FOSC_XT                          00003FFD
_HS_OSC                           00003FFE
_IDLOC0                           00002000
_IDLOC1                           00002001
MPASM  5.51                       DENEY-6.ASM   12-3-2018  18:33:31         PAGE 14


SYMBOL TABLE
  LABEL                             VALUE 

_IDLOC2                           00002002
_IDLOC3                           00002003
_LP_OSC                           00003FFC
_LVP_OFF                          00003F7F
_LVP_ON                           00003FFF
_PWRTE_OFF                        00003FFF
_PWRTE_ON                         00003FF7
_RC_OSC                           00003FFF
_WDTE_OFF                         00003FFB
_WDTE_ON                          00003FFF
_WDT_OFF                          00003FFB
_WDT_ON                           00003FFF
_WRT_1FOURTH                      00003BFF
_WRT_256                          00003DFF
_WRT_HALF                         000039FF
_WRT_OFF                          00003FFF
_XT_OSC                           00003FFD
__16F877A                         00000001
__DEBUG                           1


MEMORY USAGE MAP ('X' = Used,  '-' = Unused)

0000 : X---XXXXXXXXXXXX XXXXXXXXXXXXXXXX XXXXXXXXXXXXXXXX XXXXXXXXXXXXXXXX
0040 : XXXXXXXXXXXXXXXX XXXXXXXXXXXXXXXX XXXXXXXXXXXXXXXX XXXXXXXXXXXXXXXX
0080 : XXXXXXXXXXXXXXXX XXXXXXXXXXXXXXXX XXXXXXXXXXXXXXXX XXXXXXXXXXXXXXXX
00C0 : XXXXXXXXXXXXXXXX XXX------------- ---------------- ----------------
2000 : -------X-------- ---------------- ---------------- ----------------

All other memory blocks unused.

Program Memory Words Used:   208
Program Memory Words Free:  7984


Errors   :     0
Warnings :    14 reported,     0 suppressed
Messages :     4 reported,     0 suppressed

